Using pre-set license
Built from '2021.3/staging' branch; Version is '2021.3.1f1 (3b70a0754835) revision 3895456'; Using compiler version '192829333'; Build Type 'Release'
OS: 'Windows 10  (10.0.19044) 64bit CoreSingleLanguage' Language: 'ru' Physical Memory: 32678 MB
BatchMode: 1, IsHumanControllingUs: 0, StartBugReporterOnCrash: 0, Is64bit: 1, IsPro: 1

COMMAND LINE ARGUMENTS:
C:\Program Files\Unity\Hub\Editor\2021.3.1f1\Editor\Unity.exe
-adb2
-batchMode
-noUpm
-name
AssetImportWorker2
-projectPath
C:/Users/Erlinberg/Documents/Unity/Basketball
-logFile
Logs/AssetImportWorker2.log
-srvPort
62883
Successfully changed project path to: C:/Users/Erlinberg/Documents/Unity/Basketball
C:/Users/Erlinberg/Documents/Unity/Basketball
[UnityMemory] Configuration Parameters - Can be set up in boot.config
    "memorysetup-bucket-allocator-granularity=16"
    "memorysetup-bucket-allocator-bucket-count=8"
    "memorysetup-bucket-allocator-block-size=33554432"
    "memorysetup-bucket-allocator-block-count=8"
    "memorysetup-main-allocator-block-size=16777216"
    "memorysetup-thread-allocator-block-size=16777216"
    "memorysetup-gfx-main-allocator-block-size=16777216"
    "memorysetup-gfx-thread-allocator-block-size=16777216"
    "memorysetup-cache-allocator-block-size=4194304"
    "memorysetup-typetree-allocator-block-size=2097152"
    "memorysetup-profiler-bucket-allocator-granularity=16"
    "memorysetup-profiler-bucket-allocator-bucket-count=8"
    "memorysetup-profiler-bucket-allocator-block-size=33554432"
    "memorysetup-profiler-bucket-allocator-block-count=8"
    "memorysetup-profiler-allocator-block-size=16777216"
    "memorysetup-profiler-editor-allocator-block-size=1048576"
    "memorysetup-temp-allocator-size-main=16777216"
    "memorysetup-job-temp-allocator-block-size=2097152"
    "memorysetup-job-temp-allocator-block-size-background=1048576"
    "memorysetup-job-temp-allocator-reduction-small-platforms=262144"
    "memorysetup-temp-allocator-size-background-worker=32768"
    "memorysetup-temp-allocator-size-job-worker=262144"
    "memorysetup-temp-allocator-size-preload-manager=33554432"
    "memorysetup-temp-allocator-size-nav-mesh-worker=65536"
    "memorysetup-temp-allocator-size-audio-worker=65536"
    "memorysetup-temp-allocator-size-cloud-worker=32768"
    "memorysetup-temp-allocator-size-gi-baking-worker=262144"
    "memorysetup-temp-allocator-size-gfx=262144"
Refreshing native plugins compatible for Editor in 70.97 ms, found 3 plugins.
Preloading 0 native plugins for Editor in 0.00 ms.
Initialize engine version: 2021.3.1f1 (3b70a0754835)
[Subsystems] Discovering subsystems at path C:/Program Files/Unity/Hub/Editor/2021.3.1f1/Editor/Data/Resources/UnitySubsystems
[Subsystems] Discovering subsystems at path C:/Users/Erlinberg/Documents/Unity/Basketball/Assets
GfxDevice: creating device client; threaded=0; jobified=0
Direct3D:
    Version:  Direct3D 11.0 [level 11.1]
    Renderer: NVIDIA GeForce RTX 3070 (ID=0x2488)
    Vendor:   NVIDIA
    VRAM:     8043 MB
    Driver:   30.0.15.1295
Initialize mono
Mono path[0] = 'C:/Program Files/Unity/Hub/Editor/2021.3.1f1/Editor/Data/Managed'
Mono path[1] = 'C:/Program Files/Unity/Hub/Editor/2021.3.1f1/Editor/Data/MonoBleedingEdge/lib/mono/unityjit-win32'
Mono config path = 'C:/Program Files/Unity/Hub/Editor/2021.3.1f1/Editor/Data/MonoBleedingEdge/etc'
Using monoOptions --debugger-agent=transport=dt_socket,embedding=1,server=y,suspend=n,address=127.0.0.1:56208
Begin MonoManager ReloadAssembly
Registering precompiled unity dll's ...
Register platform support module: C:/Program Files/Unity/Hub/Editor/2021.3.1f1/Editor/Data/PlaybackEngines/WindowsStandaloneSupport/UnityEditor.WindowsStandalone.Extensions.dll
Registered in 0.010829 seconds.
Native extension for WindowsStandalone target not found
Refreshing native plugins compatible for Editor in 63.14 ms, found 3 plugins.
Preloading 0 native plugins for Editor in 0.00 ms.
Mono: successfully reloaded assembly
- Completed reload, in  0.490 seconds
Domain Reload Profiling:
	ReloadAssembly (490ms)
		BeginReloadAssembly (70ms)
			ExecutionOrderSort (0ms)
			DisableScriptedObjects (0ms)
			BackupInstance (0ms)
			ReleaseScriptingObjects (0ms)
			CreateAndSetChildDomain (1ms)
		EndReloadAssembly (326ms)
			LoadAssemblies (67ms)
			RebuildTransferFunctionScriptingTraits (0ms)
			SetupTypeCache (71ms)
			ReleaseScriptCaches (0ms)
			RebuildScriptCaches (19ms)
			SetupLoadedEditorAssemblies (198ms)
				LogAssemblyErrors (0ms)
				InitializePlatformSupportModulesInManaged (6ms)
				SetLoadedEditorAssemblies (0ms)
				RefreshPlugins (63ms)
				BeforeProcessingInitializeOnLoad (1ms)
				ProcessInitializeOnLoadAttributes (96ms)
				ProcessInitializeOnLoadMethodAttributes (31ms)
				AfterProcessingInitializeOnLoad (0ms)
				EditorAssembliesLoaded (0ms)
			ExecutionOrderSort2 (0ms)
			AwakeInstancesAfterBackupRestoration (0ms)
Platform modules already initialized, skipping
Registering precompiled user dll's ...
Registered in 0.005288 seconds.
Begin MonoManager ReloadAssembly
Symbol file LoadedFromMemory doesn't match image C:\Users\Erlinberg\Documents\Unity\Basketball\Library\PackageCache\com.unity.visualscripting@1.7.6\Editor\VisualScripting.Core\Dependencies\YamlDotNet\Unity.VisualScripting.YamlDotNet.dll
Symbol file LoadedFromMemory is not a mono symbol file
Symbol file LoadedFromMemory doesn't match image C:\Users\Erlinberg\Documents\Unity\Basketball\Library\PackageCache\com.unity.visualscripting@1.7.6\Editor\VisualScripting.Core\Dependencies\DotNetZip\Unity.VisualScripting.IonicZip.dll
Native extension for WindowsStandalone target not found
Refreshing native plugins compatible for Editor in 0.48 ms, found 3 plugins.
Preloading 0 native plugins for Editor in 0.00 ms.
Mono: successfully reloaded assembly
- Completed reload, in  0.771 seconds
Domain Reload Profiling:
	ReloadAssembly (771ms)
		BeginReloadAssembly (91ms)
			ExecutionOrderSort (0ms)
			DisableScriptedObjects (4ms)
			BackupInstance (0ms)
			ReleaseScriptingObjects (0ms)
			CreateAndSetChildDomain (17ms)
		EndReloadAssembly (581ms)
			LoadAssemblies (87ms)
			RebuildTransferFunctionScriptingTraits (0ms)
			SetupTypeCache (163ms)
			ReleaseScriptCaches (1ms)
			RebuildScriptCaches (37ms)
			SetupLoadedEditorAssemblies (270ms)
				LogAssemblyErrors (0ms)
				InitializePlatformSupportModulesInManaged (4ms)
				SetLoadedEditorAssemblies (0ms)
				RefreshPlugins (1ms)
				BeforeProcessingInitializeOnLoad (76ms)
				ProcessInitializeOnLoadAttributes (163ms)
				ProcessInitializeOnLoadMethodAttributes (17ms)
				AfterProcessingInitializeOnLoad (9ms)
				EditorAssembliesLoaded (0ms)
			ExecutionOrderSort2 (0ms)
			AwakeInstancesAfterBackupRestoration (4ms)
Platform modules already initialized, skipping
========================================================================
Worker process is ready to serve import requests
Launched and connected shader compiler UnityShaderCompiler.exe after 0.04 seconds
Refreshing native plugins compatible for Editor in 1.12 ms, found 3 plugins.
Preloading 0 native plugins for Editor in 0.00 ms.
Unloading 3884 Unused Serialized files (Serialized files now loaded: 0)
Unloading 36 unused Assets / (1.4 MB). Loaded Objects now: 4342.
Memory consumption went from 149.4 MB to 148.1 MB.
Total: 4.400200 ms (FindLiveObjects: 0.465500 ms CreateObjectMapping: 0.119100 ms MarkObjects: 3.394100 ms  DeleteObjects: 0.420300 ms)

AssetImportParameters requested are different than current active one (requested -> active):
  custom:video-decoder-ogg-theora: a1e56fd34408186e4bbccfd4996cb3dc -> 
  custom:container-muxer-webm: aa71ff27fc2769a1b78a27578f13a17b -> 
  custom:container-demuxer-webm: 4f35f7cbe854078d1ac9338744f61a02 -> 
  custom:video-encoder-webm-vp8: eb34c28f22e8b96e1ab97ce403110664 -> 
  custom:audio-encoder-webm-vorbis: bf7c407c2cedff20999df2af8eb42d56 -> 
  custom:framework-win-MediaFoundation: 216162199b28c13a410421893ffa2e32 -> 
  custom:container-demuxer-ogg: 62fdf1f143b41e24485cea50d1cbac27 -> 
  custom:video-decoder-webm-vp8: 9c59270c3fd7afecdb556c50c9e8de78 -> 
  custom:audio-decoder-ogg-vorbis: bf7c407c2cedff20999df2af8eb42d56 -> 
========================================================================
Received Import Request.
  Time since last request: 55206.063858 seconds.
  path: Assets/Particlecollection_Free samples/Material/magic_02.mat
  artifactKey: Guid(51edfad92f449944f86d35e75f22a39c) Importer(815301076,1909f56bfc062723c751e8b465ee728b)
Start importing Assets/Particlecollection_Free samples/Material/magic_02.mat using Guid(51edfad92f449944f86d35e75f22a39c) Importer(815301076,1909f56bfc062723c751e8b465ee728b)  -> (artifact id: '1b8f2dec51add7a174508c45c4927963') in 0.103896 seconds 
========================================================================
Received Import Request.
  Time since last request: 1.121084 seconds.
  path: Assets/Materials 1/Metall 3.mat
  artifactKey: Guid(8520a461f326bd6418f67704288e2ce9) Importer(815301076,1909f56bfc062723c751e8b465ee728b)
Start importing Assets/Materials 1/Metall 3.mat using Guid(8520a461f326bd6418f67704288e2ce9) Importer(815301076,1909f56bfc062723c751e8b465ee728b)  -> (artifact id: '7b5f444132ae6c5d20ee727c2f0e78e3') in 0.022975 seconds 
========================================================================
Received Import Request.
  Time since last request: 0.000013 seconds.
  path: Assets/Materials/Metall 7.mat
  artifactKey: Guid(35d362abee70bcd499cdd5ab2e60d16f) Importer(815301076,1909f56bfc062723c751e8b465ee728b)
Start importing Assets/Materials/Metall 7.mat using Guid(35d362abee70bcd499cdd5ab2e60d16f) Importer(815301076,1909f56bfc062723c751e8b465ee728b)  -> (artifact id: '72211c166ecb919566a84a162eb18ab6') in 0.022317 seconds 
========================================================================
Received Import Request.
  Time since last request: 0.082091 seconds.
  path: Assets/Particlecollection_Free samples/Model/Materials/No Name.mat
  artifactKey: Guid(3414e6faf1f25d54bb12670d163d9d9c) Importer(815301076,1909f56bfc062723c751e8b465ee728b)
Start importing Assets/Particlecollection_Free samples/Model/Materials/No Name.mat using Guid(3414e6faf1f25d54bb12670d163d9d9c) Importer(815301076,1909f56bfc062723c751e8b465ee728b)  -> (artifact id: '0919ce130eaa0dc3938d72e2569195b4') in 0.017564 seconds 
========================================================================
Received Import Request.
  Time since last request: 0.000022 seconds.
  path: Assets/Particlecollection_Free samples/Material/Sprays_01.mat
  artifactKey: Guid(3ba02568a25d84c4d8334a69ad60d155) Importer(815301076,1909f56bfc062723c751e8b465ee728b)
Start importing Assets/Particlecollection_Free samples/Material/Sprays_01.mat using Guid(3ba02568a25d84c4d8334a69ad60d155) Importer(815301076,1909f56bfc062723c751e8b465ee728b)  -> (artifact id: 'a6e8eb5a5c74f38c0b50d90cc56a3dfa') in 0.038391 seconds 
========================================================================
Received Prepare
Registering precompiled user dll's ...
Registered in 0.007203 seconds.
Begin MonoManager ReloadAssembly
Symbol file LoadedFromMemory doesn't match image C:\Users\Erlinberg\Documents\Unity\Basketball\Library\PackageCache\com.unity.visualscripting@1.7.6\Editor\VisualScripting.Core\Dependencies\YamlDotNet\Unity.VisualScripting.YamlDotNet.dll
Symbol file LoadedFromMemory is not a mono symbol file
Symbol file LoadedFromMemory doesn't match image C:\Users\Erlinberg\Documents\Unity\Basketball\Library\PackageCache\com.unity.visualscripting@1.7.6\Editor\VisualScripting.Core\Dependencies\DotNetZip\Unity.VisualScripting.IonicZip.dll
Native extension for WindowsStandalone target not found
Refreshing native plugins compatible for Editor in 0.65 ms, found 3 plugins.
Preloading 0 native plugins for Editor in 0.00 ms.
Mono: successfully reloaded assembly
- Completed reload, in  0.794 seconds
Domain Reload Profiling:
	ReloadAssembly (795ms)
		BeginReloadAssembly (123ms)
			ExecutionOrderSort (0ms)
			DisableScriptedObjects (3ms)
			BackupInstance (0ms)
			ReleaseScriptingObjects (0ms)
			CreateAndSetChildDomain (35ms)
		EndReloadAssembly (590ms)
			LoadAssemblies (95ms)
			RebuildTransferFunctionScriptingTraits (0ms)
			SetupTypeCache (170ms)
			ReleaseScriptCaches (1ms)
			RebuildScriptCaches (28ms)
			SetupLoadedEditorAssemblies (274ms)
				LogAssemblyErrors (0ms)
				InitializePlatformSupportModulesInManaged (11ms)
				SetLoadedEditorAssemblies (0ms)
				RefreshPlugins (1ms)
				BeforeProcessingInitializeOnLoad (67ms)
				ProcessInitializeOnLoadAttributes (159ms)
				ProcessInitializeOnLoadMethodAttributes (21ms)
				AfterProcessingInitializeOnLoad (15ms)
				EditorAssembliesLoaded (0ms)
			ExecutionOrderSort2 (0ms)
			AwakeInstancesAfterBackupRestoration (4ms)
Platform modules already initialized, skipping
Refreshing native plugins compatible for Editor in 2.99 ms, found 3 plugins.
Preloading 0 native plugins for Editor in 0.00 ms.
Unloading 3812 Unused Serialized files (Serialized files now loaded: 0)
Unloading 29 unused Assets / (1.4 MB). Loaded Objects now: 4384.
Memory consumption went from 147.3 MB to 145.9 MB.
Total: 3.437800 ms (FindLiveObjects: 0.414300 ms CreateObjectMapping: 0.146300 ms MarkObjects: 2.528500 ms  DeleteObjects: 0.347200 ms)

AssetImportParameters requested are different than current active one (requested -> active):
  custom:video-decoder-ogg-theora: a1e56fd34408186e4bbccfd4996cb3dc -> 
  custom:container-muxer-webm: aa71ff27fc2769a1b78a27578f13a17b -> 
  custom:container-demuxer-webm: 4f35f7cbe854078d1ac9338744f61a02 -> 
  custom:video-encoder-webm-vp8: eb34c28f22e8b96e1ab97ce403110664 -> 
  custom:audio-encoder-webm-vorbis: bf7c407c2cedff20999df2af8eb42d56 -> 
  custom:framework-win-MediaFoundation: 216162199b28c13a410421893ffa2e32 -> 
  custom:container-demuxer-ogg: 62fdf1f143b41e24485cea50d1cbac27 -> 
  custom:video-decoder-webm-vp8: 9c59270c3fd7afecdb556c50c9e8de78 -> 
  custom:audio-decoder-ogg-vorbis: bf7c407c2cedff20999df2af8eb42d56 -> 
========================================================================
Received Import Request.
  Time since last request: 60.558012 seconds.
  path: Assets/Staatliches-Regular SDF.asset
  artifactKey: Guid(59635d8db28c89b45a7dd1900e8b1d0a) Importer(815301076,1909f56bfc062723c751e8b465ee728b)
Start importing Assets/Staatliches-Regular SDF.asset using Guid(59635d8db28c89b45a7dd1900e8b1d0a) Importer(815301076,1909f56bfc062723c751e8b465ee728b)  -> (artifact id: '643eeaa86c6ee941b4919c0c54d4e501') in 0.117501 seconds 
========================================================================
Received Import Request.
  Time since last request: 16.867584 seconds.
  path: Assets/Meshes/Basketball.fbx
  artifactKey: Guid(ca18034f6d84c5445bff930fed0e1edf) Importer(815301076,1909f56bfc062723c751e8b465ee728b)
Start importing Assets/Meshes/Basketball.fbx using Guid(ca18034f6d84c5445bff930fed0e1edf) Importer(815301076,1909f56bfc062723c751e8b465ee728b)  -> (artifact id: '3758c5ae38b121e7099825d2726d64ed') in 0.280072 seconds 
========================================================================
Received Import Request.
  Time since last request: 4.036971 seconds.
  path: Assets/Prefabs/Baseball.prefab
  artifactKey: Guid(08e33c34cf92ced4289cdebaad24c122) Importer(815301076,1909f56bfc062723c751e8b465ee728b)
Start importing Assets/Prefabs/Baseball.prefab using Guid(08e33c34cf92ced4289cdebaad24c122) Importer(815301076,1909f56bfc062723c751e8b465ee728b) The file 'Assets/Materials/Metall 2.mat' seems to have merge conflicts. Please open it in a text editor and fix the merge.
UnityEngine.StackTraceUtility:ExtractStackTrace ()
UnityEditor.PreviewRenderUtility:Render (bool,bool)
UnityEditor.GameObjectInspector:DoRenderPreview ()
UnityEditor.GameObjectInspector:RenderStaticPreview (string,UnityEngine.Object[],int,int)
UnityEditor.AssetPreviewUpdater:CreatePreview (UnityEngine.Object,UnityEngine.Object[],string,int,int)
UnityEditor.AssetPreviewUpdater:CreatePreviewForAsset (UnityEngine.Object,UnityEngine.Object[],string)

[ line 0]

 -> (artifact id: '6c0195bdbab1b2bfa3f0a60d596a05c0') in 0.037051 seconds 
========================================================================
Received Import Request.
  Time since last request: 0.000015 seconds.
  path: Assets/Prefabs/Good tail.prefab
  artifactKey: Guid(55b3f77dbd469904387b37914bebcaa0) Importer(815301076,1909f56bfc062723c751e8b465ee728b)
Start importing Assets/Prefabs/Good tail.prefab using Guid(55b3f77dbd469904387b37914bebcaa0) Importer(815301076,1909f56bfc062723c751e8b465ee728b)  -> (artifact id: 'f3109c9068e3e2fc86f90aef6e8a2cd7') in 0.022157 seconds 
========================================================================
Received Import Request.
  Time since last request: 174.476052 seconds.
  path: Assets/Particlecollection_Free samples/Prefab/bullet/02.prefab
  artifactKey: Guid(594cef4fbae82174a8b8c5c44019db1b) Importer(815301076,1909f56bfc062723c751e8b465ee728b)
Start importing Assets/Particlecollection_Free samples/Prefab/bullet/02.prefab using Guid(594cef4fbae82174a8b8c5c44019db1b) Importer(815301076,1909f56bfc062723c751e8b465ee728b)  -> (artifact id: '15475491d73393a3dfdcfc54c2849e2f') in 0.013043 seconds 
========================================================================
Received Import Request.
  Time since last request: 0.000015 seconds.
  path: Assets/Particlecollection_Free samples/Prefab/bullet/05.prefab
  artifactKey: Guid(712b6c9351bec3f47a711ed65bcb3b51) Importer(815301076,1909f56bfc062723c751e8b465ee728b)
Start importing Assets/Particlecollection_Free samples/Prefab/bullet/05.prefab using Guid(712b6c9351bec3f47a711ed65bcb3b51) Importer(815301076,1909f56bfc062723c751e8b465ee728b)  -> (artifact id: '2dd56a488c31c0b2248f91afa36dde3c') in 0.013842 seconds 
========================================================================
Received Import Request.
  Time since last request: 0.000021 seconds.
  path: Assets/Particlecollection_Free samples/Prefab/Hit/Hit_01.prefab
  artifactKey: Guid(7dc0b63f67faaf9479803bcfdff7f71e) Importer(815301076,1909f56bfc062723c751e8b465ee728b)
Start importing Assets/Particlecollection_Free samples/Prefab/Hit/Hit_01.prefab using Guid(7dc0b63f67faaf9479803bcfdff7f71e) Importer(815301076,1909f56bfc062723c751e8b465ee728b)  -> (artifact id: '755a52b0f7c408f2442df67205204abe') in 0.014254 seconds 
========================================================================
Received Import Request.
  Time since last request: 0.000019 seconds.
  path: Assets/Particlecollection_Free samples/Prefab/Hit/Hit_05.prefab
  artifactKey: Guid(3c2d41265118fc14f8065fbfc45391d0) Importer(815301076,1909f56bfc062723c751e8b465ee728b)
Start importing Assets/Particlecollection_Free samples/Prefab/Hit/Hit_05.prefab using Guid(3c2d41265118fc14f8065fbfc45391d0) Importer(815301076,1909f56bfc062723c751e8b465ee728b)  -> (artifact id: 'd58398cd98d807f064ea718f4e3dc97d') in 0.014215 seconds 
========================================================================
Received Import Request.
  Time since last request: 0.000017 seconds.
  path: Assets/Particlecollection_Free samples/Model/heart_01.FBX
  artifactKey: Guid(a05cf90517c5ac242a76bb50b06b53ec) Importer(815301076,1909f56bfc062723c751e8b465ee728b)
Start importing Assets/Particlecollection_Free samples/Model/heart_01.FBX using Guid(a05cf90517c5ac242a76bb50b06b53ec) Importer(815301076,1909f56bfc062723c751e8b465ee728b)  -> (artifact id: '5f1e7978ec9dea6d5e78adf888a3f071') in 0.014367 seconds 
========================================================================
Received Import Request.
  Time since last request: 0.000014 seconds.
  path: Assets/Particlecollection_Free samples/Prefab/Hit/Hit_04.prefab
  artifactKey: Guid(8d3a7fbc62f810c43b8c42fdb2978ef4) Importer(815301076,1909f56bfc062723c751e8b465ee728b)
Start importing Assets/Particlecollection_Free samples/Prefab/Hit/Hit_04.prefab using Guid(8d3a7fbc62f810c43b8c42fdb2978ef4) Importer(815301076,1909f56bfc062723c751e8b465ee728b)  -> (artifact id: '86a5a342cb781ab0269484984a86925c') in 0.014261 seconds 
========================================================================
Received Import Request.
  Time since last request: 0.000015 seconds.
  path: Assets/Particlecollection_Free samples/Prefab/Line/Line_005.prefab
  artifactKey: Guid(96f2bc190f1b7ab46a26872f90662541) Importer(815301076,1909f56bfc062723c751e8b465ee728b)
Start importing Assets/Particlecollection_Free samples/Prefab/Line/Line_005.prefab using Guid(96f2bc190f1b7ab46a26872f90662541) Importer(815301076,1909f56bfc062723c751e8b465ee728b)  -> (artifact id: 'dfed6b14a97eb7bc90a02c8aab5b234a') in 0.012322 seconds 
========================================================================
Received Import Request.
  Time since last request: 0.000017 seconds.
  path: Assets/Particlecollection_Free samples/Prefab/Plugins demo/EmissionGain.prefab
  artifactKey: Guid(9c7c76ddc07a1134da33e9509f08bc6c) Importer(815301076,1909f56bfc062723c751e8b465ee728b)
Start importing Assets/Particlecollection_Free samples/Prefab/Plugins demo/EmissionGain.prefab using Guid(9c7c76ddc07a1134da33e9509f08bc6c) Importer(815301076,1909f56bfc062723c751e8b465ee728b)  -> (artifact id: '9c3a2b0065abc44aa2b8015135323119') in 0.032356 seconds 
========================================================================
Received Import Request.
  Time since last request: 0.000016 seconds.
  path: Assets/Particlecollection_Free samples/Prefab/Line/Line_004.prefab
  artifactKey: Guid(65b6e58c4e061704385b3d987fcd8b69) Importer(815301076,1909f56bfc062723c751e8b465ee728b)
Start importing Assets/Particlecollection_Free samples/Prefab/Line/Line_004.prefab using Guid(65b6e58c4e061704385b3d987fcd8b69) Importer(815301076,1909f56bfc062723c751e8b465ee728b)  -> (artifact id: '8dcba527fd0b5df875cab310ace4a9fe') in 0.011813 seconds 
========================================================================
Received Import Request.
  Time since last request: 0.000022 seconds.
  path: Assets/TextMesh Pro/Resources/Fonts & Materials/Button.prefab
  artifactKey: Guid(9807d6815b6e3d74baa8c852a19cf6a0) Importer(815301076,1909f56bfc062723c751e8b465ee728b)
Start importing Assets/TextMesh Pro/Resources/Fonts & Materials/Button.prefab using Guid(9807d6815b6e3d74baa8c852a19cf6a0) Importer(815301076,1909f56bfc062723c751e8b465ee728b)  -> (artifact id: 'cad67cf408f780618549fcb0616d867f') in 0.027426 seconds 
========================================================================
Received Import Request.
  Time since last request: 0.000013 seconds.
  path: Assets/Particlecollection_Free samples/Prefab/bullet/04.prefab
  artifactKey: Guid(d026db3b471cd444481fe356ff74f309) Importer(815301076,1909f56bfc062723c751e8b465ee728b)
Start importing Assets/Particlecollection_Free samples/Prefab/bullet/04.prefab using Guid(d026db3b471cd444481fe356ff74f309) Importer(815301076,1909f56bfc062723c751e8b465ee728b)  -> (artifact id: 'fc74256f832958a2123edad54c8fd89b') in 0.011633 seconds 
========================================================================
Received Import Request.
  Time since last request: 0.000020 seconds.
  path: Assets/Particlecollection_Free samples/Prefab/bullet/03.prefab
  artifactKey: Guid(aecb00c0fd2504b4f9c21615e3889d53) Importer(815301076,1909f56bfc062723c751e8b465ee728b)
Start importing Assets/Particlecollection_Free samples/Prefab/bullet/03.prefab using Guid(aecb00c0fd2504b4f9c21615e3889d53) Importer(815301076,1909f56bfc062723c751e8b465ee728b)  -> (artifact id: 'c2e3e4f26d0523215601730934d5b596') in 0.013248 seconds 
========================================================================
Received Import Request.
  Time since last request: 0.000015 seconds.
  path: Assets/Particlecollection_Free samples/Prefab/Hit/Hit_06.prefab
  artifactKey: Guid(f2a398acbf213024aa23b14c390770bf) Importer(815301076,1909f56bfc062723c751e8b465ee728b)
Start importing Assets/Particlecollection_Free samples/Prefab/Hit/Hit_06.prefab using Guid(f2a398acbf213024aa23b14c390770bf) Importer(815301076,1909f56bfc062723c751e8b465ee728b)  -> (artifact id: '808a5c6d880718ac3562a3926ef283f4') in 0.014100 seconds 
========================================================================
Received Import Request.
  Time since last request: 0.000015 seconds.
  path: Assets/Particlecollection_Free samples/Scene/Directional Light_noshow.prefab
  artifactKey: Guid(e882af2610b8b8240b4e9884f74c860a) Importer(815301076,1909f56bfc062723c751e8b465ee728b)
Start importing Assets/Particlecollection_Free samples/Scene/Directional Light_noshow.prefab using Guid(e882af2610b8b8240b4e9884f74c860a) Importer(815301076,1909f56bfc062723c751e8b465ee728b)  -> (artifact id: '4e1a977ea0ab230d0cb580a0754115f7') in 0.006476 seconds 
========================================================================
Received Import Request.
  Time since last request: 0.000013 seconds.
  path: Assets/Particlecollection_Free samples/Scene/GameObject_noshow.prefab
  artifactKey: Guid(fcbd1ba6371a6024cb0183fa09c65382) Importer(815301076,1909f56bfc062723c751e8b465ee728b)
Start importing Assets/Particlecollection_Free samples/Scene/GameObject_noshow.prefab using Guid(fcbd1ba6371a6024cb0183fa09c65382) Importer(815301076,1909f56bfc062723c751e8b465ee728b)  -> (artifact id: 'd2102ba7d0ee454ee98842b6a38c55c0') in 0.006711 seconds 
Editor requested this worker to shutdown with reason: Scaling down because of idle timeout
AssetImportWorker is now disconnected from the server
Process exiting
Exiting without the bug reporter. Application will terminate with return code 0